Lines with status != 'success':
Row 0:
  e3n_id_hand: B2F6Q1S4
  object_name: Q8_57943_QUEST_1
  Used: False
  Warning_ordering: nan
  Warning_censoring: nan
  time: nan
  status: timeout
  error: {'type': 'Timeout', 'message': 'Task exceeded allowed runtime', 'traceback': ''}


Row 1:
  e3n_id_hand: B2G5S4I9
  object_name: Q8_50655_QUEST_1
  Used: False
  Warning_ordering: nan
  Warning_censoring: nan
  time: nan
  status: timeout
  error: {'type': 'Timeout', 'message': 'Task exceeded allowed runtime', 'traceback': ''}


Row 2:
  e3n_id_hand: B2G9W0F8
  object_name: Q8_44709_QUEST_1
  Used: False
  Warning_ordering: nan
  Warning_censoring: nan
  time: nan
  status: timeout
  error: {'type': 'Timeout', 'message': 'Task exceeded allowed runtime', 'traceback': ''}


Row 3:
  e3n_id_hand: B2H0B6L2
  object_name: Q8_60992_QUEST_1
  Used: False
  Warning_ordering: nan
  Warning_censoring: nan
  time: nan
  status: timeout
  error: {'type': 'Timeout', 'message': 'Task exceeded allowed runtime', 'traceback': ''}


Row 4:
  e3n_id_hand: B2H8P5G3
  object_name: Q8_70774_QUEST_1
  Used: False
  Warning_ordering: nan
  Warning_censoring: nan
  time: nan
  status: timeout
  error: {'type': 'Timeout', 'message': 'Task exceeded allowed runtime', 'traceback': ''}


Row 5:
  e3n_id_hand: B2I3E6Z1
  object_name: Q8_20531_QUEST_1
  Used: False
  Warning_ordering: nan
  Warning_censoring: nan
  time: nan
  status: timeout
  error: {'type': 'Timeout', 'message': 'Task exceeded allowed runtime', 'traceback': ''}


Row 6:
  e3n_id_hand: B2I5A4A5
  object_name: Q8_32877_QUEST_1
  Used: False
  Warning_ordering: nan
  Warning_censoring: nan
  time: nan
  status: timeout
  error: {'type': 'Timeout', 'message': 'Task exceeded allowed runtime', 'traceback': ''}


Row 7:
  e3n_id_hand: B2J4O6C6
  object_name: Q8_66313_QUEST_1
  Used: False
  Warning_ordering: nan
  Warning_censoring: nan
  time: nan
  status: timeout
  error: {'type': 'Timeout', 'message': 'Task exceeded allowed runtime', 'traceback': ''}


Row 8:
  e3n_id_hand: B2J6C1E4
  object_name: Q8_51642_QUEST_1
  Used: False
  Warning_ordering: nan
  Warning_censoring: nan
  time: nan
  status: timeout
  error: {'type': 'Timeout', 'message': 'Task exceeded allowed runtime', 'traceback': ''}


Row 9:
  e3n_id_hand: B2K2M6T3
  object_name: Q8_64299_QUEST_1
  Used: False
  Warning_ordering: nan
  Warning_censoring: nan
  time: nan
  status: timeout
  error: {'type': 'Timeout', 'message': 'Task exceeded allowed runtime', 'traceback': ''}



----------------------------------------------
|                SLURM EPILOG                |
----------------------------------------------
Job ID: 3725166
Cluster: flamingo
User/Group: a_morelli/root
Nodelist: n02
Nodes: 1
Cores per node: 2
Job started at: 2026-03-27 12:33:20
Job ended at:   2026-03-27 12:33:23
Job Wall-clock time: 00:00:03
CPU Utilized: 00:00:01
CPU Efficiency: 16.67% of 00:00:06 core-walltime
Memory Utilized: 268.00 KB
Memory Efficiency: 0.01% of 2.00 GB
